# JRE version: Java(TM) SE Runtime Environment (9.0+11) (build 9.0.4+11)
# Java VM: Java HotSpot(TM) 64-Bit Server VM (9.0.4+11, mixed mode, tiered, compressed oops, g1 gc, windows-amd64)
Heap:
 garbage-first heap   total 157696K, used 119601K [0x0000000700000000, 0x00000007001004d0, 0x00000007c0000000)
  region size 1024K, 46 young (47104K), 4 survivors (4096K)
 Metaspace       used 69766K, capacity 72602K, committed 74140K, reserved 1114112K
  class space    used 9560K, capacity 10111K, committed 10396K, reserved 1048576K
GC Heap History (10 events):
Event: 4698.330 GC heap before
{Heap before GC invocations=72 (full 3):
 garbage-first heap   total 157696K, used 132779K [0x0000000700000000, 0x00000007001004d0, 0x00000007c0000000)
  region size 1024K, 60 young (61440K), 4 survivors (4096K)
 Metaspace       used 69499K, capacity 72394K, committed 73884K, reserved 1112064K
  class space    used 9557K, capacity 10109K, committed 10396K, reserved 1048576K
}
Event: 4698.347 GC heap after
{Heap after GC invocations=73 (full 3):
 garbage-first heap   total 157696K, used 78152K [0x0000000700000000, 0x00000007001004d0, 0x00000007c0000000)
  region size 1024K, 7 young (7168K), 7 survivors (7168K)
 Metaspace       used 69499K, capacity 72394K, committed 73884K, reserved 1112064K
  class space    used 9557K, capacity 10109K, committed 10396K, reserved 1048576K
}
Event: 4698.859 GC heap before
{Heap before GC invocations=73 (full 3):
 garbage-first heap   total 157696K, used 132424K [0x0000000700000000, 0x00000007001004d0, 0x00000007c0000000)
  region size 1024K, 60 young (61440K), 7 survivors (7168K)
 Metaspace       used 69569K, capacity 72398K, committed 73884K, reserved 1112064K
  class space    used 9559K, capacity 10109K, committed 10396K, reserved 1048576K
}
Event: 4698.868 GC heap after
{Heap after GC invocations=74 (full 3):
 garbage-first heap   total 157696K, used 77975K [0x0000000700000000, 0x00000007001004d0, 0x00000007c0000000)
  region size 1024K, 4 young (4096K), 4 survivors (4096K)
 Metaspace       used 69569K, capacity 72398K, committed 73884K, reserved 1112064K
  class space    used 9559K, capacity 10109K, committed 10396K, reserved 1048576K
}
Event: 4699.535 GC heap before
{Heap before GC invocations=75 (full 3):
 garbage-first heap   total 157696K, used 135319K [0x0000000700000000, 0x00000007001004d0, 0x00000007c0000000)
  region size 1024K, 60 young (61440K), 4 survivors (4096K)
 Metaspace       used 69663K, capacity 72538K, committed 73884K, reserved 1112064K
  class space    used 9560K, capacity 10111K, committed 10396K, reserved 1048576K
}
Event: 4699.541 GC heap after
{Heap after GC invocations=76 (full 3):
 garbage-first heap   total 157696K, used 76942K [0x0000000700000000, 0x00000007001004d0, 0x00000007c0000000)
  region size 1024K, 3 young (3072K), 3 survivors (3072K)
 Metaspace       used 69663K, capacity 72538K, committed 73884K, reserved 1112064K
  class space    used 9560K, capacity 10111K, committed 10396K, reserved 1048576K
}
Event: 4701.238 GC heap before
{Heap before GC invocations=76 (full 3):
 garbage-first heap   total 157696K, used 135310K [0x0000000700000000, 0x00000007001004d0, 0x00000007c0000000)
  region size 1024K, 60 young (61440K), 3 survivors (3072K)
 Metaspace       used 69709K, capacity 72602K, committed 74140K, reserved 1114112K
  class space    used 9560K, capacity 10111K, committed 10396K, reserved 1048576K
}
Event: 4701.245 GC heap after
{Heap after GC invocations=77 (full 3):
 garbage-first heap   total 157696K, used 77604K [0x0000000700000000, 0x00000007001004d0, 0x00000007c0000000)
  region size 1024K, 4 young (4096K), 4 survivors (4096K)
 Metaspace       used 69709K, capacity 72602K, committed 74140K, reserved 1114112K
  class space    used 9560K, capacity 10111K, committed 10396K, reserved 1048576K
}
Event: 4701.755 GC heap before
{Heap before GC invocations=78 (full 3):
 garbage-first heap   total 157696K, used 134948K [0x0000000700000000, 0x00000007001004d0, 0x00000007c0000000)
  region size 1024K, 60 young (61440K), 4 survivors (4096K)
 Metaspace       used 69740K, capacity 72602K, committed 74140K, reserved 1114112K
  class space    used 9560K, capacity 10111K, committed 10396K, reserved 1048576K
}
Event: 4701.763 GC heap after
{Heap after GC invocations=79 (full 3):
 garbage-first heap   total 157696K, used 77617K [0x0000000700000000, 0x00000007001004d0, 0x00000007c0000000)
  region size 1024K, 4 young (4096K), 4 survivors (4096K)
 Metaspace       used 69740K, capacity 72602K, committed 74140K, reserved 1114112K
  class space    used 9560K, capacity 10111K, committed 10396K, reserved 1048576K
}

